2026-04-22 18:48:31,691 - aqt.main - INFO - installer 17840 aqtinstall(aqt) v3.3.0 on Python 3.13.9 [CPython MSC v.1929 64 bit (AMD64)]
2026-04-22 18:48:31,692 - aqt.helper - DEBUG - helper 17840 Attempt to download checksum at https://download.qt.io/online/qtsdkrepository/windows_x86/desktop/qt5_5152/Updates.xml.sha256
2026-04-22 18:48:36,635 - aqt.helper - DEBUG - helper 12292 Attempt to download checksum at https://download.qt.io/online/qtsdkrepository/windows_x86/desktop/qt5_5152/qt.qt5.5152.win64_mingw81/5.15.2-0-202011130602qtbase-Windows-Windows_10-Mingw-Windows-Windows_10-X86_64.7z.sha256
2026-04-22 18:48:36,635 - aqt.helper - DEBUG - helper 19060 Attempt to download checksum at https://download.qt.io/online/qtsdkrepository/windows_x86/desktop/qt5_5152/qt.qt5.5152.win64_mingw81/5.15.2-0-202011130602qtactiveqt-Windows-Windows_10-Mingw-Windows-Windows_10-X86_64.7z.sha256
2026-04-22 18:48:36,645 - aqt.helper - DEBUG - helper 12456 Attempt to download checksum at https://download.qt.io/online/qtsdkrepository/windows_x86/desktop/qt5_5152/qt.qt5.5152.win64_mingw81/5.15.2-0-202011130602qttranslations-Windows-Windows_10-Mingw-Windows-Windows_10-X86_64.7z.sha256
2026-04-22 18:48:36,646 - aqt.helper - DEBUG - helper 15088 Attempt to download checksum at https://download.qt.io/online/qtsdkrepository/windows_x86/desktop/qt5_5152/qt.qt5.5152.win64_mingw81/5.15.2-0-202011130602qtsvg-Windows-Windows_10-Mingw-Windows-Windows_10-X86_64.7z.sha256
2026-04-22 18:48:38,724 - aqt.helper - INFO - helper 12456 Downloading qttranslations...
2026-04-22 18:48:38,725 - aqt.helper - INFO - helper 15088 Downloading qtsvg...
2026-04-22 18:48:38,725 - aqt.helper - INFO - helper 19060 Downloading qtactiveqt...
2026-04-22 18:48:38,726 - aqt.helper - INFO - helper 12292 Downloading qtbase...
2026-04-22 18:48:38,724 - aqt.installer - DEBUG - installer 12456 Download URL: https://download.qt.io/online/qtsdkrepository/windows_x86/desktop/qt5_5152/qt.qt5.5152.win64_mingw81/5.15.2-0-202011130602qttranslations-Windows-Windows_10-Mingw-Windows-Windows_10-X86_64.7z
2026-04-22 18:48:38,725 - aqt.installer - DEBUG - installer 19060 Download URL: https://download.qt.io/online/qtsdkrepository/windows_x86/desktop/qt5_5152/qt.qt5.5152.win64_mingw81/5.15.2-0-202011130602qtactiveqt-Windows-Windows_10-Mingw-Windows-Windows_10-X86_64.7z
2026-04-22 18:48:38,726 - aqt.installer - DEBUG - installer 12292 Download URL: https://download.qt.io/online/qtsdkrepository/windows_x86/desktop/qt5_5152/qt.qt5.5152.win64_mingw81/5.15.2-0-202011130602qtbase-Windows-Windows_10-Mingw-Windows-Windows_10-X86_64.7z
2026-04-22 18:48:38,725 - aqt.installer - DEBUG - installer 15088 Download URL: https://download.qt.io/online/qtsdkrepository/windows_x86/desktop/qt5_5152/qt.qt5.5152.win64_mingw81/5.15.2-0-202011130602qtsvg-Windows-Windows_10-Mingw-Windows-Windows_10-X86_64.7z
2026-04-22 18:48:40,652 - aqt.helper - DEBUG - helper 15088 Asked to redirect(302) to: https://mirror.maeen.sa/qtproject/online/qtsdkrepository/windows_x86/desktop/qt5_5152/qt.qt5.5152.win64_mingw81/5.15.2-0-202011130602qtsvg-Windows-Windows_10-Mingw-Windows-Windows_10-X86_64.7z
2026-04-22 18:48:40,652 - aqt.helper - INFO - helper 15088 Redirected: mirror.maeen.sa
2026-04-22 18:48:40,652 - aqt.helper - DEBUG - helper 12292 Asked to redirect(302) to: https://mirror.maeen.sa/qtproject/online/qtsdkrepository/windows_x86/desktop/qt5_5152/qt.qt5.5152.win64_mingw81/5.15.2-0-202011130602qtbase-Windows-Windows_10-Mingw-Windows-Windows_10-X86_64.7z
2026-04-22 18:48:40,652 - aqt.helper - INFO - helper 12292 Redirected: mirror.maeen.sa
2026-04-22 18:48:40,653 - aqt.helper - DEBUG - helper 19060 Asked to redirect(302) to: https://mirror.maeen.sa/qtproject/online/qtsdkrepository/windows_x86/desktop/qt5_5152/qt.qt5.5152.win64_mingw81/5.15.2-0-202011130602qtactiveqt-Windows-Windows_10-Mingw-Windows-Windows_10-X86_64.7z
2026-04-22 18:48:40,653 - aqt.helper - INFO - helper 19060 Redirected: mirror.maeen.sa
2026-04-22 18:48:40,654 - aqt.helper - DEBUG - helper 12456 Asked to redirect(302) to: https://mirror.maeen.sa/qtproject/online/qtsdkrepository/windows_x86/desktop/qt5_5152/qt.qt5.5152.win64_mingw81/5.15.2-0-202011130602qttranslations-Windows-Windows_10-Mingw-Windows-Windows_10-X86_64.7z
2026-04-22 18:48:40,654 - aqt.helper - INFO - helper 12456 Redirected: mirror.maeen.sa
2026-04-22 18:48:48,070 - aqt.installer - INFO - installer 15088 Finished installation of qtsvg-Windows-Windows_10-Mingw-Windows-Windows_10-X86_64.7z in 11.42759710
2026-04-22 18:48:48,116 - aqt.helper - DEBUG - helper 15088 Attempt to download checksum at https://download.qt.io/online/qtsdkrepository/windows_x86/desktop/qt5_5152/qt.qt5.5152.win64_mingw81/5.15.2-0-202011130602qtdeclarative-Windows-Windows_10-Mingw-Windows-Windows_10-X86_64.7z.sha256
2026-04-22 18:48:50,033 - aqt.helper - INFO - helper 15088 Downloading qtdeclarative...
2026-04-22 18:48:50,034 - aqt.installer - DEBUG - installer 15088 Download URL: https://download.qt.io/online/qtsdkrepository/windows_x86/desktop/qt5_5152/qt.qt5.5152.win64_mingw81/5.15.2-0-202011130602qtdeclarative-Windows-Windows_10-Mingw-Windows-Windows_10-X86_64.7z
2026-04-22 18:48:52,131 - aqt.helper - DEBUG - helper 15088 Asked to redirect(302) to: https://mirror.maeen.sa/qtproject/online/qtsdkrepository/windows_x86/desktop/qt5_5152/qt.qt5.5152.win64_mingw81/5.15.2-0-202011130602qtdeclarative-Windows-Windows_10-Mingw-Windows-Windows_10-X86_64.7z
2026-04-22 18:48:52,131 - aqt.helper - INFO - helper 15088 Redirected: mirror.maeen.sa
2026-04-22 18:49:03,975 - aqt.installer - INFO - installer 12456 Finished installation of qttranslations-Windows-Windows_10-Mingw-Windows-Windows_10-X86_64.7z in 27.33364770
2026-04-22 18:49:04,032 - aqt.helper - DEBUG - helper 12456 Attempt to download checksum at https://download.qt.io/online/qtsdkrepository/windows_x86/desktop/qt5_5152/qt.qt5.5152.win64_mingw81/5.15.2-0-202011130602qtgraphicaleffects-Windows-Windows_10-Mingw-Windows-Windows_10-X86_64.7z.sha256
2026-04-22 18:49:06,851 - aqt.helper - INFO - helper 12456 Downloading qtgraphicaleffects...
2026-04-22 18:49:06,851 - aqt.installer - DEBUG - installer 12456 Download URL: https://download.qt.io/online/qtsdkrepository/windows_x86/desktop/qt5_5152/qt.qt5.5152.win64_mingw81/5.15.2-0-202011130602qtgraphicaleffects-Windows-Windows_10-Mingw-Windows-Windows_10-X86_64.7z
2026-04-22 18:49:09,735 - aqt.helper - DEBUG - helper 12456 Asked to redirect(302) to: https://mirror.maeen.sa/qtproject/online/qtsdkrepository/windows_x86/desktop/qt5_5152/qt.qt5.5152.win64_mingw81/5.15.2-0-202011130602qtgraphicaleffects-Windows-Windows_10-Mingw-Windows-Windows_10-X86_64.7z
2026-04-22 18:49:09,736 - aqt.helper - INFO - helper 12456 Redirected: mirror.maeen.sa
2026-04-22 18:49:17,212 - aqt.installer - INFO - installer 19060 Finished installation of qtactiveqt-Windows-Windows_10-Mingw-Windows-Windows_10-X86_64.7z in 40.58048100
2026-04-22 18:49:17,283 - aqt.helper - DEBUG - helper 19060 Attempt to download checksum at https://download.qt.io/online/qtsdkrepository/windows_x86/desktop/qt5_5152/qt.qt5.5152.win64_mingw81/5.15.2-0-202011130602qtmultimedia-Windows-Windows_10-Mingw-Windows-Windows_10-X86_64.7z.sha256
2026-04-22 18:49:17,381 - aqt.installer - INFO - installer 12456 Finished installation of qtgraphicaleffects-Windows-Windows_10-Mingw-Windows-Windows_10-X86_64.7z in 13.36739020
2026-04-22 18:49:17,451 - aqt.helper - DEBUG - helper 12456 Attempt to download checksum at https://download.qt.io/online/qtsdkrepository/windows_x86/desktop/qt5_5152/qt.qt5.5152.win64_mingw81/5.15.2-0-202011130602qtwinextras-Windows-Windows_10-Mingw-Windows-Windows_10-X86_64.7z.sha256
2026-04-22 18:49:21,181 - aqt.helper - INFO - helper 19060 Downloading qtmultimedia...
2026-04-22 18:49:21,181 - aqt.installer - DEBUG - installer 19060 Download URL: https://download.qt.io/online/qtsdkrepository/windows_x86/desktop/qt5_5152/qt.qt5.5152.win64_mingw81/5.15.2-0-202011130602qtmultimedia-Windows-Windows_10-Mingw-Windows-Windows_10-X86_64.7z
2026-04-22 18:49:21,486 - aqt.helper - INFO - helper 12456 Downloading qtwinextras...
2026-04-22 18:49:21,493 - aqt.installer - DEBUG - installer 12456 Download URL: https://download.qt.io/online/qtsdkrepository/windows_x86/desktop/qt5_5152/qt.qt5.5152.win64_mingw81/5.15.2-0-202011130602qtwinextras-Windows-Windows_10-Mingw-Windows-Windows_10-X86_64.7z
2026-04-22 18:49:24,240 - aqt.helper - DEBUG - helper 19060 Asked to redirect(302) to: https://mirror.maeen.sa/qtproject/online/qtsdkrepository/windows_x86/desktop/qt5_5152/qt.qt5.5152.win64_mingw81/5.15.2-0-202011130602qtmultimedia-Windows-Windows_10-Mingw-Windows-Windows_10-X86_64.7z
2026-04-22 18:49:24,240 - aqt.helper - INFO - helper 19060 Redirected: mirror.maeen.sa
2026-04-22 18:49:24,426 - aqt.helper - DEBUG - helper 12456 Asked to redirect(302) to: https://mirror.maeen.sa/qtproject/online/qtsdkrepository/windows_x86/desktop/qt5_5152/qt.qt5.5152.win64_mingw81/5.15.2-0-202011130602qtwinextras-Windows-Windows_10-Mingw-Windows-Windows_10-X86_64.7z
2026-04-22 18:49:24,427 - aqt.helper - INFO - helper 12456 Redirected: mirror.maeen.sa
2026-04-22 18:49:31,343 - aqt.installer - INFO - installer 12456 Finished installation of qtwinextras-Windows-Windows_10-Mingw-Windows-Windows_10-X86_64.7z in 13.91267690
2026-04-22 18:49:31,401 - aqt.helper - DEBUG - helper 12456 Attempt to download checksum at https://download.qt.io/online/qtsdkrepository/windows_x86/desktop/qt5_5152/qt.qt5.5152.win64_mingw81/5.15.2-0-202011130602qtimageformats-Windows-Windows_10-Mingw-Windows-Windows_10-X86_64.7z.sha256
2026-04-22 18:49:34,330 - aqt.helper - INFO - helper 12456 Downloading qtimageformats...
2026-04-22 18:49:34,331 - aqt.installer - DEBUG - installer 12456 Download URL: https://download.qt.io/online/qtsdkrepository/windows_x86/desktop/qt5_5152/qt.qt5.5152.win64_mingw81/5.15.2-0-202011130602qtimageformats-Windows-Windows_10-Mingw-Windows-Windows_10-X86_64.7z
2026-04-22 18:49:35,971 - aqt.installer - INFO - installer 19060 Finished installation of qtmultimedia-Windows-Windows_10-Mingw-Windows-Windows_10-X86_64.7z in 18.70345600
2026-04-22 18:49:36,049 - aqt.helper - DEBUG - helper 19060 Attempt to download checksum at https://download.qt.io/online/qtsdkrepository/windows_x86/desktop/qt5_5152/qt.qt5.5152.win64_mingw81/5.15.2-0-202011130602qttools-Windows-Windows_10-Mingw-Windows-Windows_10-X86_64.7z.sha256
2026-04-22 18:49:36,488 - aqt.helper - DEBUG - helper 12456 Asked to redirect(302) to: https://mirror.maeen.sa/qtproject/online/qtsdkrepository/windows_x86/desktop/qt5_5152/qt.qt5.5152.win64_mingw81/5.15.2-0-202011130602qtimageformats-Windows-Windows_10-Mingw-Windows-Windows_10-X86_64.7z
2026-04-22 18:49:36,489 - aqt.helper - INFO - helper 12456 Redirected: mirror.maeen.sa
2026-04-22 18:49:39,247 - aqt.helper - INFO - helper 19060 Downloading qttools...
2026-04-22 18:49:39,248 - aqt.installer - DEBUG - installer 19060 Download URL: https://download.qt.io/online/qtsdkrepository/windows_x86/desktop/qt5_5152/qt.qt5.5152.win64_mingw81/5.15.2-0-202011130602qttools-Windows-Windows_10-Mingw-Windows-Windows_10-X86_64.7z
2026-04-22 18:49:42,701 - aqt.helper - DEBUG - helper 19060 Asked to redirect(302) to: https://mirror.maeen.sa/qtproject/online/qtsdkrepository/windows_x86/desktop/qt5_5152/qt.qt5.5152.win64_mingw81/5.15.2-0-202011130602qttools-Windows-Windows_10-Mingw-Windows-Windows_10-X86_64.7z
2026-04-22 18:49:42,714 - aqt.helper - INFO - helper 19060 Redirected: mirror.maeen.sa
2026-04-22 18:49:43,068 - aqt.installer - INFO - installer 12456 Finished installation of qtimageformats-Windows-Windows_10-Mingw-Windows-Windows_10-X86_64.7z in 11.68634430
2026-04-22 18:49:43,143 - aqt.helper - DEBUG - helper 12456 Attempt to download checksum at https://download.qt.io/online/qtsdkrepository/windows_x86/desktop/qt5_5152/qt.qt5.5152.win64_mingw81/5.15.2-0-202011130602qtsensors-Windows-Windows_10-Mingw-Windows-Windows_10-X86_64.7z.sha256
2026-04-22 18:49:45,547 - aqt.helper - INFO - helper 12456 Downloading qtsensors...
2026-04-22 18:49:45,547 - aqt.installer - DEBUG - installer 12456 Download URL: https://download.qt.io/online/qtsdkrepository/windows_x86/desktop/qt5_5152/qt.qt5.5152.win64_mingw81/5.15.2-0-202011130602qtsensors-Windows-Windows_10-Mingw-Windows-Windows_10-X86_64.7z
2026-04-22 18:49:47,276 - aqt.helper - DEBUG - helper 12456 Asked to redirect(302) to: https://mirror.maeen.sa/qtproject/online/qtsdkrepository/windows_x86/desktop/qt5_5152/qt.qt5.5152.win64_mingw81/5.15.2-0-202011130602qtsensors-Windows-Windows_10-Mingw-Windows-Windows_10-X86_64.7z
2026-04-22 18:49:47,277 - aqt.helper - INFO - helper 12456 Redirected: mirror.maeen.sa
2026-04-22 18:49:51,617 - aqt.installer - INFO - installer 15088 Finished installation of qtdeclarative-Windows-Windows_10-Mingw-Windows-Windows_10-X86_64.7z in 63.51917550
2026-04-22 18:49:51,692 - aqt.helper - DEBUG - helper 15088 Attempt to download checksum at https://download.qt.io/online/qtsdkrepository/windows_x86/desktop/qt5_5152/qt.qt5.5152.win64_mingw81/5.15.2-0-202011130602qtwebchannel-Windows-Windows_10-Mingw-Windows-Windows_10-X86_64.7z.sha256
2026-04-22 18:49:53,732 - aqt.installer - INFO - installer 12456 Finished installation of qtsensors-Windows-Windows_10-Mingw-Windows-Windows_10-X86_64.7z in 10.60718660
2026-04-22 18:49:53,791 - aqt.helper - DEBUG - helper 12456 Attempt to download checksum at https://download.qt.io/online/qtsdkrepository/windows_x86/desktop/qt5_5152/qt.qt5.5152.win64_mingw81/5.15.2-0-202011130602qtwebsockets-Windows-Windows_10-Mingw-Windows-Windows_10-X86_64.7z.sha256
2026-04-22 18:49:54,103 - aqt.helper - INFO - helper 15088 Downloading qtwebchannel...
2026-04-22 18:49:54,104 - aqt.installer - DEBUG - installer 15088 Download URL: https://download.qt.io/online/qtsdkrepository/windows_x86/desktop/qt5_5152/qt.qt5.5152.win64_mingw81/5.15.2-0-202011130602qtwebchannel-Windows-Windows_10-Mingw-Windows-Windows_10-X86_64.7z
2026-04-22 18:49:55,717 - aqt.helper - INFO - helper 12456 Downloading qtwebsockets...
2026-04-22 18:49:55,717 - aqt.installer - DEBUG - installer 12456 Download URL: https://download.qt.io/online/qtsdkrepository/windows_x86/desktop/qt5_5152/qt.qt5.5152.win64_mingw81/5.15.2-0-202011130602qtwebsockets-Windows-Windows_10-Mingw-Windows-Windows_10-X86_64.7z
2026-04-22 18:49:56,102 - aqt.helper - DEBUG - helper 15088 Asked to redirect(302) to: https://mirror.maeen.sa/qtproject/online/qtsdkrepository/windows_x86/desktop/qt5_5152/qt.qt5.5152.win64_mingw81/5.15.2-0-202011130602qtwebchannel-Windows-Windows_10-Mingw-Windows-Windows_10-X86_64.7z
2026-04-22 18:49:56,102 - aqt.helper - INFO - helper 15088 Redirected: mirror.maeen.sa
2026-04-22 18:49:57,797 - aqt.helper - DEBUG - helper 12456 Asked to redirect(302) to: https://mirror.maeen.sa/qtproject/online/qtsdkrepository/windows_x86/desktop/qt5_5152/qt.qt5.5152.win64_mingw81/5.15.2-0-202011130602qtwebsockets-Windows-Windows_10-Mingw-Windows-Windows_10-X86_64.7z
2026-04-22 18:49:57,798 - aqt.helper - INFO - helper 12456 Redirected: mirror.maeen.sa
2026-04-22 18:49:59,783 - aqt.installer - INFO - installer 15088 Finished installation of qtwebchannel-Windows-Windows_10-Mingw-Windows-Windows_10-X86_64.7z in 8.10811080
2026-04-22 18:49:59,844 - aqt.helper - DEBUG - helper 15088 Attempt to download checksum at https://download.qt.io/online/qtsdkrepository/windows_x86/desktop/qt5_5152/qt.qt5.5152.win64_mingw81/5.15.2-0-202011130602qtlocation-Windows-Windows_10-Mingw-Windows-Windows_10-X86_64.7z.sha256
2026-04-22 18:50:01,359 - aqt.installer - INFO - installer 12456 Finished installation of qtwebsockets-Windows-Windows_10-Mingw-Windows-Windows_10-X86_64.7z in 7.58440480
2026-04-22 18:50:01,457 - aqt.helper - DEBUG - helper 12456 Attempt to download checksum at https://download.qt.io/online/qtsdkrepository/windows_x86/desktop/qt5_5152/qt.qt5.5152.win64_mingw81/5.15.2-0-202011130602qtserialport-Windows-Windows_10-Mingw-Windows-Windows_10-X86_64.7z.sha256
2026-04-22 18:50:01,563 - aqt.helper - INFO - helper 15088 Downloading qtlocation...
2026-04-22 18:50:01,563 - aqt.installer - DEBUG - installer 15088 Download URL: https://download.qt.io/online/qtsdkrepository/windows_x86/desktop/qt5_5152/qt.qt5.5152.win64_mingw81/5.15.2-0-202011130602qtlocation-Windows-Windows_10-Mingw-Windows-Windows_10-X86_64.7z
2026-04-22 18:50:03,550 - aqt.helper - INFO - helper 12456 Downloading qtserialport...
2026-04-22 18:50:03,552 - aqt.installer - DEBUG - installer 12456 Download URL: https://download.qt.io/online/qtsdkrepository/windows_x86/desktop/qt5_5152/qt.qt5.5152.win64_mingw81/5.15.2-0-202011130602qtserialport-Windows-Windows_10-Mingw-Windows-Windows_10-X86_64.7z
2026-04-22 18:50:03,634 - aqt.helper - DEBUG - helper 15088 Asked to redirect(302) to: https://mirror.maeen.sa/qtproject/online/qtsdkrepository/windows_x86/desktop/qt5_5152/qt.qt5.5152.win64_mingw81/5.15.2-0-202011130602qtlocation-Windows-Windows_10-Mingw-Windows-Windows_10-X86_64.7z
2026-04-22 18:50:03,635 - aqt.helper - INFO - helper 15088 Redirected: mirror.maeen.sa
2026-04-22 18:50:05,527 - aqt.helper - DEBUG - helper 12456 Asked to redirect(302) to: https://mirror.maeen.sa/qtproject/online/qtsdkrepository/windows_x86/desktop/qt5_5152/qt.qt5.5152.win64_mingw81/5.15.2-0-202011130602qtserialport-Windows-Windows_10-Mingw-Windows-Windows_10-X86_64.7z
2026-04-22 18:50:05,529 - aqt.helper - INFO - helper 12456 Redirected: mirror.maeen.sa
2026-04-22 18:50:10,282 - aqt.installer - INFO - installer 12456 Finished installation of qtserialport-Windows-Windows_10-Mingw-Windows-Windows_10-X86_64.7z in 8.84468900
2026-04-22 18:50:10,343 - aqt.helper - DEBUG - helper 12456 Attempt to download checksum at https://download.qt.io/online/qtsdkrepository/windows_x86/desktop/qt5_5152/qt.qt5.5152.win64_mingw81/5.15.2-0-202011130602qtquickcontrols-Windows-Windows_10-Mingw-Windows-Windows_10-X86_64.7z.sha256
2026-04-22 18:50:12,580 - aqt.helper - INFO - helper 12456 Downloading qtquickcontrols...
2026-04-22 18:50:12,580 - aqt.installer - DEBUG - installer 12456 Download URL: https://download.qt.io/online/qtsdkrepository/windows_x86/desktop/qt5_5152/qt.qt5.5152.win64_mingw81/5.15.2-0-202011130602qtquickcontrols-Windows-Windows_10-Mingw-Windows-Windows_10-X86_64.7z
2026-04-22 18:50:15,513 - aqt.helper - DEBUG - helper 12456 Asked to redirect(302) to: https://mirror.maeen.sa/qtproject/online/qtsdkrepository/windows_x86/desktop/qt5_5152/qt.qt5.5152.win64_mingw81/5.15.2-0-202011130602qtquickcontrols-Windows-Windows_10-Mingw-Windows-Windows_10-X86_64.7z
2026-04-22 18:50:15,516 - aqt.helper - INFO - helper 12456 Redirected: mirror.maeen.sa
2026-04-22 18:50:42,891 - aqt.installer - INFO - installer 15088 Finished installation of qtlocation-Windows-Windows_10-Mingw-Windows-Windows_10-X86_64.7z in 43.06817100
2026-04-22 18:50:42,953 - aqt.helper - DEBUG - helper 15088 Attempt to download checksum at https://download.qt.io/online/qtsdkrepository/windows_x86/desktop/qt5_5152/qt.qt5.5152.win64_mingw81/5.15.2-0-202011130602qtquickcontrols2-Windows-Windows_10-Mingw-Windows-Windows_10-X86_64.7z.sha256
2026-04-22 18:50:47,108 - aqt.helper - INFO - helper 15088 Downloading qtquickcontrols2...
2026-04-22 18:50:47,108 - aqt.installer - DEBUG - installer 15088 Download URL: https://download.qt.io/online/qtsdkrepository/windows_x86/desktop/qt5_5152/qt.qt5.5152.win64_mingw81/5.15.2-0-202011130602qtquickcontrols2-Windows-Windows_10-Mingw-Windows-Windows_10-X86_64.7z
2026-04-22 18:50:48,328 - aqt.installer - INFO - installer 12456 Finished installation of qtquickcontrols-Windows-Windows_10-Mingw-Windows-Windows_10-X86_64.7z in 38.00472050
2026-04-22 18:50:49,380 - aqt.helper - DEBUG - helper 372 Attempt to download checksum at https://download.qt.io/online/qtsdkrepository/windows_x86/desktop/qt5_5152/qt.qt5.5152.win64_mingw81/5.15.2-0-202011130602qtserialbus-Windows-Windows_10-Mingw-Windows-Windows_10-X86_64.7z.sha256
2026-04-22 18:50:50,611 - aqt.helper - DEBUG - helper 15088 Asked to redirect(302) to: https://mirror.maeen.sa/qtproject/online/qtsdkrepository/windows_x86/desktop/qt5_5152/qt.qt5.5152.win64_mingw81/5.15.2-0-202011130602qtquickcontrols2-Windows-Windows_10-Mingw-Windows-Windows_10-X86_64.7z
2026-04-22 18:50:50,611 - aqt.helper - INFO - helper 15088 Redirected: mirror.maeen.sa
2026-04-22 18:50:52,415 - aqt.helper - INFO - helper 372 Downloading qtserialbus...
2026-04-22 18:50:52,418 - aqt.installer - DEBUG - installer 372 Download URL: https://download.qt.io/online/qtsdkrepository/windows_x86/desktop/qt5_5152/qt.qt5.5152.win64_mingw81/5.15.2-0-202011130602qtserialbus-Windows-Windows_10-Mingw-Windows-Windows_10-X86_64.7z
2026-04-22 18:50:55,573 - aqt.helper - DEBUG - helper 372 Asked to redirect(302) to: https://mirror.maeen.sa/qtproject/online/qtsdkrepository/windows_x86/desktop/qt5_5152/qt.qt5.5152.win64_mingw81/5.15.2-0-202011130602qtserialbus-Windows-Windows_10-Mingw-Windows-Windows_10-X86_64.7z
2026-04-22 18:50:55,573 - aqt.helper - INFO - helper 372 Redirected: mirror.maeen.sa
2026-04-22 18:51:06,163 - aqt.installer - INFO - installer 372 Finished installation of qtserialbus-Windows-Windows_10-Mingw-Windows-Windows_10-X86_64.7z in 16.78768130
2026-04-22 18:51:06,203 - aqt.helper - DEBUG - helper 372 Attempt to download checksum at https://download.qt.io/online/qtsdkrepository/windows_x86/desktop/qt5_5152/qt.qt5.5152.win64_mingw81/5.15.2-0-202011130602qtscxml-Windows-Windows_10-Mingw-Windows-Windows_10-X86_64.7z.sha256
2026-04-22 18:51:10,732 - aqt.helper - INFO - helper 372 Downloading qtscxml...
2026-04-22 18:51:10,733 - aqt.installer - DEBUG - installer 372 Download URL: https://download.qt.io/online/qtsdkrepository/windows_x86/desktop/qt5_5152/qt.qt5.5152.win64_mingw81/5.15.2-0-202011130602qtscxml-Windows-Windows_10-Mingw-Windows-Windows_10-X86_64.7z
2026-04-22 18:51:11,561 - aqt.installer - INFO - installer 15088 Finished installation of qtquickcontrols2-Windows-Windows_10-Mingw-Windows-Windows_10-X86_64.7z in 28.62351440
2026-04-22 18:51:11,593 - aqt.helper - DEBUG - helper 15088 Attempt to download checksum at https://download.qt.io/online/qtsdkrepository/windows_x86/desktop/qt5_5152/qt.qt5.5152.win64_mingw81/5.15.2-0-202011130602qt3d-Windows-Windows_10-Mingw-Windows-Windows_10-X86_64.7z.sha256
2026-04-22 18:51:13,481 - aqt.helper - DEBUG - helper 372 Asked to redirect(302) to: https://mirror.maeen.sa/qtproject/online/qtsdkrepository/windows_x86/desktop/qt5_5152/qt.qt5.5152.win64_mingw81/5.15.2-0-202011130602qtscxml-Windows-Windows_10-Mingw-Windows-Windows_10-X86_64.7z
2026-04-22 18:51:13,482 - aqt.helper - INFO - helper 372 Redirected: mirror.maeen.sa
2026-04-22 18:51:15,762 - aqt.helper - INFO - helper 15088 Downloading qt3d...
2026-04-22 18:51:15,763 - aqt.installer - DEBUG - installer 15088 Download URL: https://download.qt.io/online/qtsdkrepository/windows_x86/desktop/qt5_5152/qt.qt5.5152.win64_mingw81/5.15.2-0-202011130602qt3d-Windows-Windows_10-Mingw-Windows-Windows_10-X86_64.7z
2026-04-22 18:51:17,734 - aqt.helper - DEBUG - helper 15088 Asked to redirect(302) to: https://mirror.maeen.sa/qtproject/online/qtsdkrepository/windows_x86/desktop/qt5_5152/qt.qt5.5152.win64_mingw81/5.15.2-0-202011130602qt3d-Windows-Windows_10-Mingw-Windows-Windows_10-X86_64.7z
2026-04-22 18:51:17,735 - aqt.helper - INFO - helper 15088 Redirected: mirror.maeen.sa
2026-04-22 18:51:19,556 - aqt.installer - INFO - installer 372 Finished installation of qtscxml-Windows-Windows_10-Mingw-Windows-Windows_10-X86_64.7z in 13.36753050
2026-04-22 18:51:19,594 - aqt.helper - DEBUG - helper 372 Attempt to download checksum at https://download.qt.io/online/qtsdkrepository/windows_x86/desktop/qt5_5152/qt.qt5.5152.win64_mingw81/5.15.2-0-202011130602qtgamepad-Windows-Windows_10-Mingw-Windows-Windows_10-X86_64.7z.sha256
2026-04-22 18:51:21,331 - aqt.helper - INFO - helper 372 Downloading qtgamepad...
2026-04-22 18:51:21,332 - aqt.installer - DEBUG - installer 372 Download URL: https://download.qt.io/online/qtsdkrepository/windows_x86/desktop/qt5_5152/qt.qt5.5152.win64_mingw81/5.15.2-0-202011130602qtgamepad-Windows-Windows_10-Mingw-Windows-Windows_10-X86_64.7z
2026-04-22 18:51:22,942 - aqt.helper - DEBUG - helper 372 Asked to redirect(302) to: https://mirror.maeen.sa/qtproject/online/qtsdkrepository/windows_x86/desktop/qt5_5152/qt.qt5.5152.win64_mingw81/5.15.2-0-202011130602qtgamepad-Windows-Windows_10-Mingw-Windows-Windows_10-X86_64.7z
2026-04-22 18:51:22,942 - aqt.helper - INFO - helper 372 Redirected: mirror.maeen.sa
2026-04-22 18:51:25,523 - aqt.installer - INFO - installer 12292 Finished installation of qtbase-Windows-Windows_10-Mingw-Windows-Windows_10-X86_64.7z in 168.89233960
2026-04-22 18:51:25,559 - aqt.helper - DEBUG - helper 12292 Attempt to download checksum at https://download.qt.io/online/qtsdkrepository/windows_x86/desktop/qt5_5152/qt.qt5.5152.win64_mingw81/5.15.2-0-202011130602qtconnectivity-Windows-Windows_10-Mingw-Windows-Windows_10-X86_64.7z.sha256
2026-04-22 18:51:26,018 - aqt.installer - INFO - installer 372 Finished installation of qtgamepad-Windows-Windows_10-Mingw-Windows-Windows_10-X86_64.7z in 6.43353060
2026-04-22 18:51:26,035 - aqt.helper - DEBUG - helper 372 Attempt to download checksum at https://download.qt.io/online/qtsdkrepository/windows_x86/desktop/qt5_5152/qt.qt5.5152.win64_mingw81/5.15.2-0-202011130602qtspeech-Windows-Windows_10-Mingw-Windows-Windows_10-X86_64.7z.sha256
2026-04-22 18:51:27,024 - aqt.helper - INFO - helper 12292 Downloading qtconnectivity...
2026-04-22 18:51:27,024 - aqt.installer - DEBUG - installer 12292 Download URL: https://download.qt.io/online/qtsdkrepository/windows_x86/desktop/qt5_5152/qt.qt5.5152.win64_mingw81/5.15.2-0-202011130602qtconnectivity-Windows-Windows_10-Mingw-Windows-Windows_10-X86_64.7z
2026-04-22 18:51:27,878 - aqt.helper - INFO - helper 372 Downloading qtspeech...
2026-04-22 18:51:27,878 - aqt.installer - DEBUG - installer 372 Download URL: https://download.qt.io/online/qtsdkrepository/windows_x86/desktop/qt5_5152/qt.qt5.5152.win64_mingw81/5.15.2-0-202011130602qtspeech-Windows-Windows_10-Mingw-Windows-Windows_10-X86_64.7z
2026-04-22 18:51:30,079 - aqt.helper - DEBUG - helper 12292 Asked to redirect(302) to: https://mirror.maeen.sa/qtproject/online/qtsdkrepository/windows_x86/desktop/qt5_5152/qt.qt5.5152.win64_mingw81/5.15.2-0-202011130602qtconnectivity-Windows-Windows_10-Mingw-Windows-Windows_10-X86_64.7z
2026-04-22 18:51:30,079 - aqt.helper - INFO - helper 12292 Redirected: mirror.maeen.sa
2026-04-22 18:51:31,836 - aqt.helper - DEBUG - helper 372 Asked to redirect(302) to: https://mirror.maeen.sa/qtproject/online/qtsdkrepository/windows_x86/desktop/qt5_5152/qt.qt5.5152.win64_mingw81/5.15.2-0-202011130602qtspeech-Windows-Windows_10-Mingw-Windows-Windows_10-X86_64.7z
2026-04-22 18:51:31,837 - aqt.helper - INFO - helper 372 Redirected: mirror.maeen.sa
2026-04-22 18:51:45,171 - aqt.installer - INFO - installer 372 Finished installation of qtspeech-Windows-Windows_10-Mingw-Windows-Windows_10-X86_64.7z in 19.14037360
2026-04-22 18:51:45,194 - aqt.helper - DEBUG - helper 372 Attempt to download checksum at https://download.qt.io/online/qtsdkrepository/windows_x86/desktop/qt5_5152/qt.qt5.5152.win64_mingw81/5.15.2-0-202011130602qtremoteobjects-Windows-Windows_10-Mingw-Windows-Windows_10-X86_64.7z.sha256
2026-04-22 18:51:45,312 - aqt.installer - INFO - installer 12292 Finished installation of qtconnectivity-Windows-Windows_10-Mingw-Windows-Windows_10-X86_64.7z in 19.75791680
2026-04-22 18:51:45,331 - aqt.helper - DEBUG - helper 12292 Attempt to download checksum at https://download.qt.io/online/qtsdkrepository/windows_x86/desktop/qt5_5152/qt.qt5.5152.win64_mingw81/5.15.2-0-202011130602d3dcompiler_47-x64.7z.sha256
2026-04-22 18:51:48,064 - aqt.helper - INFO - helper 372 Downloading qtremoteobjects...
2026-04-22 18:51:48,065 - aqt.installer - DEBUG - installer 372 Download URL: https://download.qt.io/online/qtsdkrepository/windows_x86/desktop/qt5_5152/qt.qt5.5152.win64_mingw81/5.15.2-0-202011130602qtremoteobjects-Windows-Windows_10-Mingw-Windows-Windows_10-X86_64.7z
2026-04-22 18:51:48,139 - aqt.helper - INFO - helper 12292 Downloading d3dcompiler_47...
2026-04-22 18:51:48,139 - aqt.installer - DEBUG - installer 12292 Download URL: https://download.qt.io/online/qtsdkrepository/windows_x86/desktop/qt5_5152/qt.qt5.5152.win64_mingw81/5.15.2-0-202011130602d3dcompiler_47-x64.7z
2026-04-22 18:51:48,369 - aqt.installer - INFO - installer 15088 Finished installation of qt3d-Windows-Windows_10-Mingw-Windows-Windows_10-X86_64.7z in 36.78561890
2026-04-22 18:51:50,379 - aqt.helper - DEBUG - helper 372 Asked to redirect(302) to: https://mirror.maeen.sa/qtproject/online/qtsdkrepository/windows_x86/desktop/qt5_5152/qt.qt5.5152.win64_mingw81/5.15.2-0-202011130602qtremoteobjects-Windows-Windows_10-Mingw-Windows-Windows_10-X86_64.7z
2026-04-22 18:51:50,379 - aqt.helper - INFO - helper 372 Redirected: mirror.maeen.sa
2026-04-22 18:51:50,390 - aqt.helper - DEBUG - helper 12292 Asked to redirect(302) to: https://mirror.maeen.sa/qtproject/online/qtsdkrepository/windows_x86/desktop/qt5_5152/qt.qt5.5152.win64_mingw81/5.15.2-0-202011130602d3dcompiler_47-x64.7z
2026-04-22 18:51:50,390 - aqt.helper - INFO - helper 12292 Redirected: mirror.maeen.sa
2026-04-22 18:52:04,958 - aqt.installer - INFO - installer 12292 Finished installation of d3dcompiler_47-x64.7z in 19.63212630
2026-04-22 18:52:04,975 - aqt.helper - DEBUG - helper 12292 Attempt to download checksum at https://download.qt.io/online/qtsdkrepository/windows_x86/desktop/qt5_5152/qt.qt5.5152.win64_mingw81/5.15.2-0-202011130602opengl32sw-64-mesa_12_0_rc2.7z.sha256
2026-04-22 18:52:06,756 - aqt.helper - INFO - helper 12292 Downloading opengl32sw...
2026-04-22 18:52:06,756 - aqt.installer - DEBUG - installer 12292 Download URL: https://download.qt.io/online/qtsdkrepository/windows_x86/desktop/qt5_5152/qt.qt5.5152.win64_mingw81/5.15.2-0-202011130602opengl32sw-64-mesa_12_0_rc2.7z
2026-04-22 18:52:07,967 - aqt.helper - DEBUG - helper 12292 Asked to redirect(302) to: https://mirror.maeen.sa/qtproject/online/qtsdkrepository/windows_x86/desktop/qt5_5152/qt.qt5.5152.win64_mingw81/5.15.2-0-202011130602opengl32sw-64-mesa_12_0_rc2.7z
2026-04-22 18:52:07,968 - aqt.helper - INFO - helper 12292 Redirected: mirror.maeen.sa
2026-04-22 18:52:09,111 - aqt.installer - INFO - installer 372 Finished installation of qtremoteobjects-Windows-Windows_10-Mingw-Windows-Windows_10-X86_64.7z in 23.92150740
2026-04-22 18:52:09,127 - aqt.helper - DEBUG - helper 372 Attempt to download checksum at https://download.qt.io/online/qtsdkrepository/windows_x86/desktop/qt5_5152/qt.qt5.5152.win64_mingw81/5.15.2-0-202011130602x86_64-8.1.0-release-posix-seh-rt_v6-rev0-runtime.7z.sha256
2026-04-22 18:52:11,613 - aqt.helper - INFO - helper 372 Downloading x86_64...
2026-04-22 18:52:11,613 - aqt.installer - DEBUG - installer 372 Download URL: https://download.qt.io/online/qtsdkrepository/windows_x86/desktop/qt5_5152/qt.qt5.5152.win64_mingw81/5.15.2-0-202011130602x86_64-8.1.0-release-posix-seh-rt_v6-rev0-runtime.7z
2026-04-22 18:52:13,731 - aqt.helper - DEBUG - helper 372 Asked to redirect(302) to: https://mirror.maeen.sa/qtproject/online/qtsdkrepository/windows_x86/desktop/qt5_5152/qt.qt5.5152.win64_mingw81/5.15.2-0-202011130602x86_64-8.1.0-release-posix-seh-rt_v6-rev0-runtime.7z
2026-04-22 18:52:13,731 - aqt.helper - INFO - helper 372 Redirected: mirror.maeen.sa
2026-04-22 18:52:30,821 - aqt.installer - INFO - installer 372 Finished installation of x86_64-8.1.0-release-posix-seh-rt_v6-rev0-runtime.7z in 21.69838430
2026-04-22 18:52:37,865 - aqt.installer - INFO - installer 19060 Finished installation of qttools-Windows-Windows_10-Mingw-Windows-Windows_10-X86_64.7z in 181.83186980
2026-04-22 18:52:37,886 - aqt.helper - DEBUG - helper 19060 Attempt to download checksum at https://download.qt.io/online/qtsdkrepository/windows_x86/desktop/qt5_5152/qt.qt5.5152.win64_mingw81/5.15.2-0-202011130602qtxmlpatterns-Windows-Windows_10-Mingw-Windows-Windows_10-X86_64.7z.sha256
2026-04-22 18:52:39,425 - aqt.helper - INFO - helper 19060 Downloading qtxmlpatterns...
2026-04-22 18:52:39,425 - aqt.installer - DEBUG - installer 19060 Download URL: https://download.qt.io/online/qtsdkrepository/windows_x86/desktop/qt5_5152/qt.qt5.5152.win64_mingw81/5.15.2-0-202011130602qtxmlpatterns-Windows-Windows_10-Mingw-Windows-Windows_10-X86_64.7z
2026-04-22 18:52:40,989 - aqt.helper - DEBUG - helper 19060 Asked to redirect(302) to: https://mirror.maeen.sa/qtproject/online/qtsdkrepository/windows_x86/desktop/qt5_5152/qt.qt5.5152.win64_mingw81/5.15.2-0-202011130602qtxmlpatterns-Windows-Windows_10-Mingw-Windows-Windows_10-X86_64.7z
2026-04-22 18:52:40,989 - aqt.helper - INFO - helper 19060 Redirected: mirror.maeen.sa
2026-04-22 18:52:46,228 - aqt.installer - INFO - installer 12292 Finished installation of opengl32sw-64-mesa_12_0_rc2.7z in 41.25619720
2026-04-22 18:52:48,940 - aqt.installer - INFO - installer 19060 Finished installation of qtxmlpatterns-Windows-Windows_10-Mingw-Windows-Windows_10-X86_64.7z in 11.05756870
2026-04-22 18:52:49,620 - aqt.updater - INFO - updater 17840 Patching C:\Qt\5.15.2\mingw81_64\bin\qmake.exe
2026-04-22 18:52:50,285 - aqt.main - ERROR - installer 17840 Updater caused an IO error: [Errno 13] Permission denied: 'C:\\Qt\\5.15.2\\mingw81_64\\bin\\qmake.exe'
2026-04-22 18:56:31,228 - aqt.main - INFO - installer 1704 aqtinstall(aqt) v3.3.0 on Python 3.13.9 [CPython MSC v.1929 64 bit (AMD64)]
2026-04-22 18:56:31,229 - aqt.helper - DEBUG - helper 1704 Attempt to download checksum at https://download.qt.io/online/qtsdkrepository/windows_x86/desktop/tools_mingw/Updates.xml.sha256
2026-04-22 18:56:35,236 - aqt.helper - DEBUG - helper 3976 Attempt to download checksum at https://download.qt.io/online/qtsdkrepository/windows_x86/desktop/tools_mingw/qt.tools.win64_mingw810/8.1.0-1-202004170606x86_64-8.1.0-release-posix-seh-rt_v6-rev0.7z.sha256
2026-04-22 18:56:37,116 - aqt.helper - INFO - helper 3976 Downloading qt.tools.win64_mingw810...
2026-04-22 18:56:37,117 - aqt.installer - DEBUG - installer 3976 Download URL: https://download.qt.io/online/qtsdkrepository/windows_x86/desktop/tools_mingw/qt.tools.win64_mingw810/8.1.0-1-202004170606x86_64-8.1.0-release-posix-seh-rt_v6-rev0.7z
2026-04-22 18:56:39,194 - aqt.helper - DEBUG - helper 3976 Asked to redirect(302) to: https://mirror.maeen.sa/qtproject/online/qtsdkrepository/windows_x86/desktop/tools_mingw/qt.tools.win64_mingw810/8.1.0-1-202004170606x86_64-8.1.0-release-posix-seh-rt_v6-rev0.7z
2026-04-22 18:56:39,196 - aqt.helper - INFO - helper 3976 Redirected: mirror.maeen.sa
2026-04-22 19:03:08,126 - aqt.installer - WARNING - installer 1704 Caught OSError, terminating installer workers
2026-04-22 19:03:08,159 - aqt.main - ERROR - installer 1704 Insufficient disk space to complete installation.
==============================Suggested follow-up:==============================
* Check available disk space.
* Check size requirements for installation.
2026-04-22 19:19:28,095 - aqt.main - INFO - installer 23352 aqtinstall(aqt) v3.3.0 on Python 3.13.9 [CPython MSC v.1929 64 bit (AMD64)]
2026-04-22 19:19:28,098 - aqt.helper - DEBUG - helper 23352 Attempt to download checksum at https://download.qt.io/online/qtsdkrepository/windows_x86/desktop/tools_mingw/Updates.xml.sha256
2026-04-22 19:19:32,410 - aqt.helper - DEBUG - helper 24816 Attempt to download checksum at https://download.qt.io/online/qtsdkrepository/windows_x86/desktop/tools_mingw/qt.tools.win64_mingw810/8.1.0-1-202004170606x86_64-8.1.0-release-posix-seh-rt_v6-rev0.7z.sha256
2026-04-22 19:19:34,026 - aqt.helper - INFO - helper 24816 Downloading qt.tools.win64_mingw810...
2026-04-22 19:19:34,026 - aqt.installer - DEBUG - installer 24816 Download URL: https://download.qt.io/online/qtsdkrepository/windows_x86/desktop/tools_mingw/qt.tools.win64_mingw810/8.1.0-1-202004170606x86_64-8.1.0-release-posix-seh-rt_v6-rev0.7z
2026-04-22 19:19:35,224 - aqt.helper - DEBUG - helper 24816 Asked to redirect(302) to: https://mirror.maeen.sa/qtproject/online/qtsdkrepository/windows_x86/desktop/tools_mingw/qt.tools.win64_mingw810/8.1.0-1-202004170606x86_64-8.1.0-release-posix-seh-rt_v6-rev0.7z
2026-04-22 19:19:35,225 - aqt.helper - INFO - helper 24816 Redirected: mirror.maeen.sa
2026-04-22 19:20:08,666 - aqt.installer - WARNING - installer 23352 Caught ArchiveDownloadError, terminating installer workers
2026-04-22 19:20:08,705 - aqt.main - ERROR - installer 23352 Download of 8.1.0-1-202004170606x86_64-8.1.0-release-posix-seh-rt_v6-rev0.7z has error: [Errno 28] No space left on device
2026-04-22 21:19:14,293 - aqt.main - INFO - installer 22588 aqtinstall(aqt) v3.3.0 on Python 3.13.9 [CPython MSC v.1929 64 bit (AMD64)]
2026-04-22 21:19:14,294 - aqt.helper - DEBUG - helper 22588 Attempt to download checksum at https://download.qt.io/online/qtsdkrepository/windows_x86/desktop/tools_mingw/Updates.xml.sha256
2026-04-22 21:19:17,414 - aqt.helper - DEBUG - helper 6488 Attempt to download checksum at https://download.qt.io/online/qtsdkrepository/windows_x86/desktop/tools_mingw/qt.tools.win64_mingw810/8.1.0-1-202004170606x86_64-8.1.0-release-posix-seh-rt_v6-rev0.7z.sha256
2026-04-22 21:19:18,836 - aqt.helper - INFO - helper 6488 Downloading qt.tools.win64_mingw810...
2026-04-22 21:19:18,836 - aqt.installer - DEBUG - installer 6488 Download URL: https://download.qt.io/online/qtsdkrepository/windows_x86/desktop/tools_mingw/qt.tools.win64_mingw810/8.1.0-1-202004170606x86_64-8.1.0-release-posix-seh-rt_v6-rev0.7z
2026-04-22 21:19:20,680 - aqt.helper - DEBUG - helper 6488 Asked to redirect(302) to: https://mirror.maeen.sa/qtproject/online/qtsdkrepository/windows_x86/desktop/tools_mingw/qt.tools.win64_mingw810/8.1.0-1-202004170606x86_64-8.1.0-release-posix-seh-rt_v6-rev0.7z
2026-04-22 21:19:20,681 - aqt.helper - INFO - helper 6488 Redirected: mirror.maeen.sa
2026-04-22 21:20:27,469 - aqt.installer - INFO - installer 6488 Finished installation of x86_64-8.1.0-release-posix-seh-rt_v6-rev0.7z in 70.05932860
2026-04-22 21:20:27,627 - aqt.main - INFO - installer 22588 Finished installation
2026-04-22 21:20:27,627 - aqt.main - INFO - installer 22588 Time elapsed: 73.33460930 second
